<?xml version="1.0" encoding="UTF-8"?>
<!-- Generated by org.testng.reporters.JUnitReportReporter -->
<testsuite hostname="Ram-PC" failures="0" tests="1" name="com.inetbanking.testcases.CurrentDataSelection" time="9.516" errors="0" timestamp="2023-04-07T15:08:13 IST" skipped="0">
  <testcase classname="com.inetbanking.testcases.CurrentDataSelection" name="selectDate" time="9.516"/>
  <system-out/>
</testsuite> <!-- com.inetbanking.testcases.CurrentDataSelection -->
