<?xml version="1.0" encoding="UTF-8"?>
<!-- Generated by org.testng.reporters.JUnitReportReporter -->
<testsuite hostname="Ram-PC" failures="0" tests="1" name="com.inetbanking.testcases.TC_AddCustomer_003" time="28.591" errors="0" timestamp="2023-04-07T14:54:34 IST" skipped="0">
  <testcase classname="com.inetbanking.testcases.TC_AddCustomer_003" name="addNewCustomer" time="28.591"/>
  <system-out/>
</testsuite> <!-- com.inetbanking.testcases.TC_AddCustomer_003 -->
